[0m
[0m [0m [0m [0m [0m [0m [0m [0m [0m [0m [0m [0m [0m [0m [0m [0m [0m [0m [0m [0m [0m [0m [0m [0m [0m [0m [0m [0m [0m [0m [0m [0m [0m [0m [0m [0m [0m [0m [0m [0m [0m [0m [0m [0m [0m [0m [0m [0m [0m [0m [0m [0m [0m [0m [0m [0m [0m [0m [0m [48;5;255m [48;5;255m [0m [0m [0m [0m [0m [0m [0m [0m [0m [0m [0m [0m
[0m [0m [0m [0m [0m [0m [0m [0m [0m [0m [0m [0m [0m [0m [0m [0m [0m [0m [0m [0m [0m [0m [0m [0m [0m [0m [0m [0m [0m [0m [0m [0m [0m [0m [0m [0m [0m [0m [0m [0m [0m [0m [0m [0m [0m [0m [0m [0m [0m [0m [0m [0m [0m [0m [0m [0m [0m [0m [0m [48;5;255m [48;5;255m [0m [0m [0m [0m [0m [0m [0m [0m [0m [0m [0m [0m
[0m [0m [0m [0m [0m [0m [0m [0m [0m [0m [0m [0m [0m [0m [0m [0m [0m [0m [0m [0m [0m [0m [0m [0m [0m [0m [0m [0m [0m [0m [0m [0m [0m [0m [0m [0m [0m [0m [0m [0m [0m [0m [0m [0m [0m [0m [0m [0m [0m [0m [0m [0m [0m [0m [0m [0m [0m [0m [0m [48;5;255m [48;5;255m [0m [0m [0m [0m [0m [0m [0m [0m [0m [0m [0m [0m
[48;5;255m [48;5;255m [48;5;255m [48;5;255m [48;5;255m [48;5;255m [48;5;255m [0m [0m [48;5;255m [48;5;255m [48;5;255m [48;5;255m [48;5;255m [48;5;255m [48;5;255m [48;5;255m [0m [0m [48;5;255m [48;5;255m [48;5;255m [48;5;255m [48;5;255m [48;5;255m [48;5;255m [48;5;255m [48;5;255m [48;5;255m [48;5;255m [48;5;255m [0m [0m [48;5;255m [48;5;255m [48;5;255m [48;5;255m [48;5;255m [48;5;255m [48;5;255m [48;5;255m [0m [0m [48;5;255m [48;5;255m [48;5;255m [48;5;255m [48;5;255m [48;5;255m [48;5;255m [48;5;255m [0m [0m [48;5;255m [48;5;255m [48;5;255m [48;5;255m [48;5;255m [48;5;255m [48;5;255m [48;5;255m [0m [0m [48;5;255m [48;5;255m [48;5;255m [48;5;255m [48;5;255m [48;5;255m [48;5;255m [48;5;255m [0m [0m [48;5;255m [48;5;255m [48;5;255m [48;5;255m [48;5;255m [48;5;255m [48;5;255m [48;5;255m [0m
[48;5;255m [48;5;255m [0m [0m [0m [0m [0m [0m [0m [48;5;255m [48;5;255m [0m [0m [0m [0m [48;5;255m [48;5;255m [0m [0m [48;5;255m [48;5;255m [0m [0m [0m [48;5;255m [48;5;255m [0m [0m [0m [48;5;255m [48;5;255m [0m [0m [48;5;255m [48;5;255m [0m [0m [0m [0m [48;5;255m [48;5;255m [0m [0m [48;5;255m [48;5;255m [0m [0m [0m [0m [48;5;255m [48;5;255m [0m [0m [48;5;255m [48;5;255m [0m [0m [0m [0m [48;5;255m [48;5;255m [0m [0m [48;5;255m [48;5;255m [0m [0m [0m [0m [48;5;255m [48;5;255m [0m [0m [48;5;255m [48;5;255m [0m
[48;5;255m [48;5;255m [0m [0m [0m [0m [0m [0m [0m [48;5;255m [48;5;255m [0m [0m [0m [0m [48;5;255m [48;5;255m [0m [0m [48;5;255m [48;5;255m [0m [0m [0m [48;5;255m [48;5;255m [0m [0m [0m [48;5;255m [48;5;255m [0m [0m [48;5;255m [48;5;255m [0m [0m [0m [0m [48;5;255m [48;5;255m [0m [0m [48;5;255m [48;5;255m [0m [0m [0m [0m [48;5;255m [48;5;255m [0m [0m [48;5;255m [48;5;255m [0m [0m [0m [0m [48;5;255m [48;5;255m [0m [0m [48;5;255m [48;5;255m [0m [0m [0m [0m [48;5;255m [48;5;255m [0m [0m [48;5;255m [48;5;255m [0m
[48;5;255m [48;5;255m [0m [0m [0m [0m [0m [0m [0m [48;5;255m [48;5;255m [0m [0m [0m [0m [48;5;255m [48;5;255m [0m [0m [48;5;255m [48;5;255m [0m [0m [0m [48;5;255m [48;5;255m [0m [0m [0m [48;5;255m [48;5;255m [0m [0m [48;5;255m [48;5;255m [0m [0m [0m [0m [48;5;255m [48;5;255m [0m [0m [48;5;255m [48;5;255m [0m [0m [0m [0m [48;5;255m [48;5;255m [0m [0m [48;5;255m [48;5;255m [0m [0m [0m [0m [48;5;255m [48;5;255m [0m [0m [48;5;255m [48;5;255m [0m [0m [0m [0m [48;5;255m [48;5;255m [0m [0m [48;5;255m [48;5;255m [0m
[48;5;255m [48;5;255m [48;5;255m [48;5;255m [48;5;255m [48;5;255m [48;5;255m [0m [0m [48;5;255m [48;5;255m [48;5;255m [48;5;255m [48;5;255m [48;5;255m [48;5;255m [48;5;255m [0m [0m [48;5;255m [48;5;255m [0m [0m [0m [48;5;255m [48;5;255m [0m [0m [0m [48;5;255m [48;5;255m [0m [0m [48;5;255m [48;5;255m [48;5;255m [48;5;255m [48;5;255m [48;5;255m [48;5;255m [48;5;255m [0m [0m [48;5;255m [48;5;255m [48;5;255m [48;5;255m [48;5;255m [48;5;255m [48;5;255m [48;5;255m [0m [0m [48;5;255m [48;5;255m [48;5;255m [48;5;255m [48;5;255m [48;5;255m [48;5;255m [48;5;255m [0m [0m [48;5;255m [48;5;255m [48;5;255m [48;5;255m [48;5;255m [48;5;255m [48;5;255m [48;5;255m [0m [0m [48;5;255m [48;5;255m [48;5;255m [48;5;255m [48;5;255m [48;5;255m [48;5;255m [48;5;255m [0m
[0m [0m [0m [0m [0m [0m [0m [0m [0m [0m [0m [0m [0m [0m [0m [0m [0m [0m [0m [0m [0m [0m [0m [0m [0m [0m [0m [0m [0m [0m [0m [0m [0m [48;5;255m [48;5;255m [0m [0m [0m [0m [0m [0m [0m [0m [0m [0m [0m [0m
[0m [0m [0m [0m [0m [0m [0m [0m [0m [0m [0m [0m [0m [0m [0m [0m [0m [0m [0m [0m [0m [0m [0m [0m [0m [0m [0m [0m [0m [0m [0m [0m [0m [48;5;255m [48;5;255m [0m [0m [0m [0m [0m [0m [0m [0m [0m [0m [0m [0m
[0m [0m [0m [0m [0m [0m [0m [0m [0m [0m [0m [0m [0m [0m [0m [0m [0m [0m [0m [0m [0m [0m [0m [0m [0m [0m [0m [0m [0m [0m [0m [0m [0m [48;5;255m [48;5;255m [0m [0m [0m [0m [0m [0m [0m [0m [0m [0m [0m [0m

1.1.19

TypeScript version used by Compodoc : 4.5.5

TypeScript version of current project : 4.6.2

Node.js version : v18.12.1

Operating system : macOS Monterey

[18:19:57] No configuration file found, switching to CLI flags.
[18:19:57] Using tsconfig file : /Users/emiliodominguez/Downloads/taskbox/tsconfig.json
[18:19:57] Including      : /Users/emiliodominguez/Downloads/taskbox/.editorconfig
[18:19:57] Including      : /Users/emiliodominguez/Downloads/taskbox/.browserslistrc
[18:19:57] Including      : /Users/emiliodominguez/Downloads/taskbox/.gitignore
[18:19:57] Including      : /Users/emiliodominguez/Downloads/taskbox/LICENSE
[18:19:57] Including      : /Users/emiliodominguez/Downloads/taskbox/README.md
[18:19:57] Including      : /Users/emiliodominguez/Downloads/taskbox/angular.json
[18:19:57] Including      : /Users/emiliodominguez/Downloads/taskbox/jest.config.js
[18:19:57] Including      : /Users/emiliodominguez/Downloads/taskbox/build-storybook.log
[18:19:57] Including      : /Users/emiliodominguez/Downloads/taskbox/documentation.json
[18:19:57] Including      : /Users/emiliodominguez/Downloads/taskbox/package.json
[18:19:57] Including      : /Users/emiliodominguez/Downloads/taskbox/package-lock.json
[18:19:57] Including      : /Users/emiliodominguez/Downloads/taskbox/tsconfig.app.json
[18:19:57] Including      : /Users/emiliodominguez/Downloads/taskbox/tsconfig.json
[18:19:57] Including      : /Users/emiliodominguez/Downloads/taskbox/tsconfig.spec.json
[18:19:57] Including      : /Users/emiliodominguez/Downloads/taskbox/.storybook/main.js
[18:19:57] Including      : /Users/emiliodominguez/Downloads/taskbox/.storybook/preview.js
[18:19:57] Including      : /Users/emiliodominguez/Downloads/taskbox/.storybook/tsconfig.json
[18:19:57] Including      : /Users/emiliodominguez/Downloads/taskbox/jest-config/setup.ts
[18:19:57] Ignoring       : /Users/emiliodominguez/Downloads/taskbox/.storybook/typings.d.ts
[18:19:57] Including      : /Users/emiliodominguez/Downloads/taskbox/src/favicon.ico
[18:19:57] Including      : /Users/emiliodominguez/Downloads/taskbox/src/main.ts
[18:19:57] Including      : /Users/emiliodominguez/Downloads/taskbox/src/polyfills.ts
[18:19:57] Including      : /Users/emiliodominguez/Downloads/taskbox/src/index.html
[18:19:57] Including      : /Users/emiliodominguez/Downloads/taskbox/src/styles.css
[18:19:57] Including      : /Users/emiliodominguez/Downloads/taskbox/jest-config/__mocks__/fileMock.js
[18:19:57] Including      : /Users/emiliodominguez/Downloads/taskbox/jest-config/__mocks__/globalMocks.ts
[18:19:57] Including      : /Users/emiliodominguez/Downloads/taskbox/jest-config/__mocks__/styleMock.js
[18:19:57] Including      : /Users/emiliodominguez/Downloads/taskbox/src/assets/.gitkeep
[18:19:57] Including      : /Users/emiliodominguez/Downloads/taskbox/src/app/app.component.html
[18:19:57] Ignoring       : /Users/emiliodominguez/Downloads/taskbox/src/app/app.component.spec.ts
[18:19:57] Including      : /Users/emiliodominguez/Downloads/taskbox/src/app/app.component.css
[18:19:57] Including      : /Users/emiliodominguez/Downloads/taskbox/src/app/app.component.ts
[18:19:57] Including      : /Users/emiliodominguez/Downloads/taskbox/src/app/app.module.ts
[18:19:57] Including      : /Users/emiliodominguez/Downloads/taskbox/src/environments/environment.prod.ts
[18:19:57] Including      : /Users/emiliodominguez/Downloads/taskbox/src/environments/environment.ts
[18:19:57] Including      : /Users/emiliodominguez/Downloads/taskbox/src/stories/Button.stories.ts
[18:19:57] Including      : /Users/emiliodominguez/Downloads/taskbox/src/stories/Header.stories.ts
[18:19:57] Including      : /Users/emiliodominguez/Downloads/taskbox/src/stories/Page.stories.ts
[18:19:57] Including      : /Users/emiliodominguez/Downloads/taskbox/src/stories/Introduction.stories.mdx
[18:19:57] Including      : /Users/emiliodominguez/Downloads/taskbox/src/stories/User.ts
[18:19:57] Including      : /Users/emiliodominguez/Downloads/taskbox/src/stories/button.component.ts
[18:19:57] Including      : /Users/emiliodominguez/Downloads/taskbox/src/stories/button.css
[18:19:57] Including      : /Users/emiliodominguez/Downloads/taskbox/src/stories/header.component.ts
[18:19:57] Including      : /Users/emiliodominguez/Downloads/taskbox/src/stories/header.css
[18:19:57] Including      : /Users/emiliodominguez/Downloads/taskbox/src/stories/page.component.ts
[18:19:57] Including      : /Users/emiliodominguez/Downloads/taskbox/src/stories/page.css
[18:19:57] Including      : /Users/emiliodominguez/Downloads/taskbox/src/assets/icon/percolate.eot
[18:19:57] Including      : /Users/emiliodominguez/Downloads/taskbox/src/assets/icon/percolate.svg
[18:19:57] Including      : /Users/emiliodominguez/Downloads/taskbox/src/assets/icon/percolate.ttf
[18:19:57] Including      : /Users/emiliodominguez/Downloads/taskbox/src/assets/icon/percolate.woff
[18:19:57] Including      : /Users/emiliodominguez/Downloads/taskbox/src/assets/font/OpenSans-Light-webfont.ttf
[18:19:57] Including      : /Users/emiliodominguez/Downloads/taskbox/src/assets/font/OpenSans-Regular-webfont.eot
[18:19:57] Including      : /Users/emiliodominguez/Downloads/taskbox/src/assets/font/OpenSans-Light-webfont.eot
[18:19:57] Including      : /Users/emiliodominguez/Downloads/taskbox/src/assets/font/OpenSans-Light-webfont.svg
[18:19:57] Including      : /Users/emiliodominguez/Downloads/taskbox/src/assets/font/OpenSans-Regular-webfont.svg
[18:19:57] Including      : /Users/emiliodominguez/Downloads/taskbox/src/assets/font/OpenSans-Regular-webfont.ttf
[18:19:57] Including      : /Users/emiliodominguez/Downloads/taskbox/src/assets/font/OpenSans-Light-webfont.woff
[18:19:57] Including      : /Users/emiliodominguez/Downloads/taskbox/src/assets/font/OpenSans-Regular-webfont.woff
[18:19:57] Including      : /Users/emiliodominguez/Downloads/taskbox/src/app/models/task.model.ts
[18:19:57] Including      : /Users/emiliodominguez/Downloads/taskbox/src/app/store/task.store.ts
[18:19:57] Including      : /Users/emiliodominguez/Downloads/taskbox/src/stories/assets/code-brackets.svg
[18:19:57] Including      : /Users/emiliodominguez/Downloads/taskbox/src/stories/assets/colors.svg
[18:19:57] Including      : /Users/emiliodominguez/Downloads/taskbox/src/stories/assets/comments.svg
[18:19:57] Including      : /Users/emiliodominguez/Downloads/taskbox/src/stories/assets/direction.svg
[18:19:57] Including      : /Users/emiliodominguez/Downloads/taskbox/src/stories/assets/flow.svg
[18:19:57] Including      : /Users/emiliodominguez/Downloads/taskbox/src/stories/assets/repo.svg
[18:19:57] Including      : /Users/emiliodominguez/Downloads/taskbox/src/stories/assets/plugin.svg
[18:19:57] Including      : /Users/emiliodominguez/Downloads/taskbox/src/stories/assets/stackalt.svg
[18:19:57] Including      : /Users/emiliodominguez/Downloads/taskbox/.angular/cache/13.3.7/babel-webpack/028e7b0f4ee1972ae7aee7cb1102ec75.json
[18:19:57] Including      : /Users/emiliodominguez/Downloads/taskbox/.angular/cache/13.3.7/babel-webpack/045de6ad66dc9a8f76d1e9faf7451074.json
[18:19:57] Including      : /Users/emiliodominguez/Downloads/taskbox/.angular/cache/13.3.7/babel-webpack/03546bc4bde5ff00bc51e70822a6739e.json
[18:19:57] Including      : /Users/emiliodominguez/Downloads/taskbox/.angular/cache/13.3.7/babel-webpack/07a7100debd53b8e0d08d4708898b851.json
[18:19:57] Including      : /Users/emiliodominguez/Downloads/taskbox/.angular/cache/13.3.7/babel-webpack/07254ded6f454978650ac7cd2b6339a1.json
[18:19:57] Including      : /Users/emiliodominguez/Downloads/taskbox/.angular/cache/13.3.7/babel-webpack/0835076301a086fd0b9d5ea2a7f77041.json
[18:19:57] Including      : /Users/emiliodominguez/Downloads/taskbox/.angular/cache/13.3.7/babel-webpack/08d67046303193d51f1d642226664139.json
[18:19:57] Including      : /Users/emiliodominguez/Downloads/taskbox/.angular/cache/13.3.7/babel-webpack/09517081919634fe72a953f97274272d.json
[18:19:57] Including      : /Users/emiliodominguez/Downloads/taskbox/.angular/cache/13.3.7/babel-webpack/0d02d381789ff5a1b5eee96b8cc50f56.json
[18:19:57] Including      : /Users/emiliodominguez/Downloads/taskbox/.angular/cache/13.3.7/babel-webpack/107ca5f4d4d23097ffba8d2400ef638c.json
[18:19:57] Including      : /Users/emiliodominguez/Downloads/taskbox/.angular/cache/13.3.7/babel-webpack/12634b5b8e0816ac982b2f648b3ae853.json
[18:19:57] Including      : /Users/emiliodominguez/Downloads/taskbox/.angular/cache/13.3.7/babel-webpack/1399a797d6d306d9f13e2adeb8db476d.json
[18:19:57] Including      : /Users/emiliodominguez/Downloads/taskbox/.angular/cache/13.3.7/babel-webpack/13f57e0439b0175660d007bc9259e437.json
[18:19:57] Including      : /Users/emiliodominguez/Downloads/taskbox/.angular/cache/13.3.7/babel-webpack/15958fa930e4e517009f37c2eace94b9.json
[18:19:57] Including      : /Users/emiliodominguez/Downloads/taskbox/.angular/cache/13.3.7/babel-webpack/17c3054c9be5f6a45429abb162ac7512.json
[18:19:57] Including      : /Users/emiliodominguez/Downloads/taskbox/.angular/cache/13.3.7/babel-webpack/17cc6fe6484c213704d51832cea18ae4.json
[18:19:57] Including      : /Users/emiliodominguez/Downloads/taskbox/.angular/cache/13.3.7/babel-webpack/1898973322f7090851f2c6a709930942.json
[18:19:57] Including      : /Users/emiliodominguez/Downloads/taskbox/.angular/cache/13.3.7/babel-webpack/1906df1afee67e3be2fbb1538c092411.json
[18:19:57] Including      : /Users/emiliodominguez/Downloads/taskbox/.angular/cache/13.3.7/babel-webpack/19784cf1803b880e0073bf4974004798.json
[18:19:57] Including      : /Users/emiliodominguez/Downloads/taskbox/.angular/cache/13.3.7/babel-webpack/1cfd5eb60c626aa73a27c0d88ebeeb0d.json
[18:19:57] Including      : /Users/emiliodominguez/Downloads/taskbox/.angular/cache/13.3.7/babel-webpack/1edcddb579772bac5609eeace0b25996.json
[18:19:57] Including      : /Users/emiliodominguez/Downloads/taskbox/.angular/cache/13.3.7/babel-webpack/1fa229dadc9bda55e14c86bab3f32459.json
[18:19:57] Including      : /Users/emiliodominguez/Downloads/taskbox/.angular/cache/13.3.7/babel-webpack/218400ce738499d0fbc1fe30b96977cc.json
[18:19:57] Including      : /Users/emiliodominguez/Downloads/taskbox/.angular/cache/13.3.7/babel-webpack/24323180cf3e686be8fba1e83122adb4.json
[18:19:57] Including      : /Users/emiliodominguez/Downloads/taskbox/.angular/cache/13.3.7/babel-webpack/254101800c64a5608fe5faef532fd23a.json
[18:19:57] Including      : /Users/emiliodominguez/Downloads/taskbox/.angular/cache/13.3.7/babel-webpack/27182845a8276f08af137029052f5640.json
[18:19:57] Including      : /Users/emiliodominguez/Downloads/taskbox/.angular/cache/13.3.7/babel-webpack/2ab44bc10fcba2bf7d72b5a3b0b41691.json
[18:19:57] Including      : /Users/emiliodominguez/Downloads/taskbox/.angular/cache/13.3.7/babel-webpack/2b153c3c80ebf05488b27daa35d02084.json
[18:19:57] Including      : /Users/emiliodominguez/Downloads/taskbox/.angular/cache/13.3.7/babel-webpack/2c554f02562304fd24fb74e39daf3020.json
[18:19:57] Including      : /Users/emiliodominguez/Downloads/taskbox/.angular/cache/13.3.7/babel-webpack/2cf7aa5d353c77b0186ccdfda8b41f43.json
[18:19:57] Including      : /Users/emiliodominguez/Downloads/taskbox/.angular/cache/13.3.7/babel-webpack/2d1e3f79092ad7f55c2adb8a2b95875a.json
[18:19:57] Including      : /Users/emiliodominguez/Downloads/taskbox/.angular/cache/13.3.7/babel-webpack/2e0aec45ec514a4a31ec96e33e375be2.json
[18:19:57] Including      : /Users/emiliodominguez/Downloads/taskbox/.angular/cache/13.3.7/babel-webpack/2e6ba6925dd4e151cfde88cad4fe2fef.json
[18:19:57] Including      : /Users/emiliodominguez/Downloads/taskbox/.angular/cache/13.3.7/babel-webpack/30e93e088d5fa63f3a0cacb7653f9b80.json
[18:19:57] Including      : /Users/emiliodominguez/Downloads/taskbox/.angular/cache/13.3.7/babel-webpack/3192fac5f61c650a45b1151cdfe8ab04.json
[18:19:57] Including      : /Users/emiliodominguez/Downloads/taskbox/.angular/cache/13.3.7/babel-webpack/327f2ef96f626aafd8fb3876e26be51e.json
[18:19:57] Including      : /Users/emiliodominguez/Downloads/taskbox/.angular/cache/13.3.7/babel-webpack/34386edec9b87300a5f4b63bcc1f35b5.json
[18:19:57] Including      : /Users/emiliodominguez/Downloads/taskbox/.angular/cache/13.3.7/babel-webpack/34d582506f535b748f3e878a72629173.json
[18:19:57] Including      : /Users/emiliodominguez/Downloads/taskbox/.angular/cache/13.3.7/babel-webpack/35a3482f1031e62793edcdb0649283f6.json
[18:19:57] Including      : /Users/emiliodominguez/Downloads/taskbox/.angular/cache/13.3.7/babel-webpack/3c69975e8c9aab65450c489b3594af0b.json
[18:19:57] Including      : /Users/emiliodominguez/Downloads/taskbox/.angular/cache/13.3.7/babel-webpack/427b28cdba88e54665faa0e2d0356dec.json
[18:19:57] Including      : /Users/emiliodominguez/Downloads/taskbox/.angular/cache/13.3.7/babel-webpack/4465ab5f3ec85500af2e1e56f286e500.json
[18:19:57] Including      : /Users/emiliodominguez/Downloads/taskbox/.angular/cache/13.3.7/babel-webpack/46c6f06532575e9e8e3ae4ed0aaf20ef.json
[18:19:57] Including      : /Users/emiliodominguez/Downloads/taskbox/.angular/cache/13.3.7/babel-webpack/4a59b5a34b99da3bc2011d11455ec117.json
[18:19:57] Including      : /Users/emiliodominguez/Downloads/taskbox/.angular/cache/13.3.7/babel-webpack/4f507b24d98cf7deda7fb99fa3f08435.json
[18:19:57] Including      : /Users/emiliodominguez/Downloads/taskbox/.angular/cache/13.3.7/babel-webpack/4dab00007173790da24ecc38f51aa1e6.json
[18:19:57] Including      : /Users/emiliodominguez/Downloads/taskbox/.angular/cache/13.3.7/babel-webpack/5253e0b43c00a2d6b540fe52dc508049.json
[18:19:57] Including      : /Users/emiliodominguez/Downloads/taskbox/.angular/cache/13.3.7/babel-webpack/5a4b187c9dd8e703bfc78916dfa7b40a.json
[18:19:57] Including      : /Users/emiliodominguez/Downloads/taskbox/.angular/cache/13.3.7/babel-webpack/5458b24af299e8fed8af192b22471d20.json
[18:19:57] Including      : /Users/emiliodominguez/Downloads/taskbox/.angular/cache/13.3.7/babel-webpack/5a84abf4568eb461d94ac57efd020998.json
[18:19:57] Including      : /Users/emiliodominguez/Downloads/taskbox/.angular/cache/13.3.7/babel-webpack/5b1ef319dab3f40c9b3c343c3309ed6c.json
[18:19:57] Including      : /Users/emiliodominguez/Downloads/taskbox/.angular/cache/13.3.7/babel-webpack/5f33a3e1ea251a66d076971c7fb27de3.json
[18:19:57] Including      : /Users/emiliodominguez/Downloads/taskbox/.angular/cache/13.3.7/babel-webpack/61e56080b2bded86ede77ff578ba0f24.json
[18:19:57] Including      : /Users/emiliodominguez/Downloads/taskbox/.angular/cache/13.3.7/babel-webpack/63cfe9ce7dbd046c02f3ce6399d89fd3.json
[18:19:57] Including      : /Users/emiliodominguez/Downloads/taskbox/.angular/cache/13.3.7/babel-webpack/63da8755bed38bbf3ca6e62423ae2dae.json
[18:19:57] Including      : /Users/emiliodominguez/Downloads/taskbox/.angular/cache/13.3.7/babel-webpack/6589e7b6e0c7561d27c8289efc36d55d.json
[18:19:57] Including      : /Users/emiliodominguez/Downloads/taskbox/.angular/cache/13.3.7/babel-webpack/679c88258ae4e429bfe97ce2056ebfbf.json
[18:19:57] Including      : /Users/emiliodominguez/Downloads/taskbox/.angular/cache/13.3.7/babel-webpack/67baf69eaa9727ae7a0652464657992d.json
[18:19:57] Including      : /Users/emiliodominguez/Downloads/taskbox/.angular/cache/13.3.7/babel-webpack/67c69f681467699152167cd4ef67d0f3.json
[18:19:57] Including      : /Users/emiliodominguez/Downloads/taskbox/.angular/cache/13.3.7/babel-webpack/6905b2b87277e2db87aa8f77e0e4e35c.json
[18:19:57] Including      : /Users/emiliodominguez/Downloads/taskbox/.angular/cache/13.3.7/babel-webpack/693d186e1ffbe97fa12c44ed79b5245a.json
[18:19:57] Including      : /Users/emiliodominguez/Downloads/taskbox/.angular/cache/13.3.7/babel-webpack/6a08cdf211919ff493ab983ba081e449.json
[18:19:57] Including      : /Users/emiliodominguez/Downloads/taskbox/.angular/cache/13.3.7/babel-webpack/6a2141809c69bb162b2e7ff506396f52.json
[18:19:57] Including      : /Users/emiliodominguez/Downloads/taskbox/.angular/cache/13.3.7/babel-webpack/6b12da12eca075c006019d5e2f39964c.json
[18:19:57] Including      : /Users/emiliodominguez/Downloads/taskbox/.angular/cache/13.3.7/babel-webpack/6c31c9be661af256ebeac1ca5b11d254.json
[18:19:57] Including      : /Users/emiliodominguez/Downloads/taskbox/.angular/cache/13.3.7/babel-webpack/6d38555c2198233df3a61f735d188aa5.json
[18:19:57] Including      : /Users/emiliodominguez/Downloads/taskbox/.angular/cache/13.3.7/babel-webpack/70def2d1f561128c92187e4eab74b722.json
[18:19:57] Including      : /Users/emiliodominguez/Downloads/taskbox/.angular/cache/13.3.7/babel-webpack/72d42b4bec60ebc977d7f95adffbcf10.json
[18:19:57] Including      : /Users/emiliodominguez/Downloads/taskbox/.angular/cache/13.3.7/babel-webpack/757cb03c474c1b59c3c1110fdcf0c7a3.json
[18:19:57] Including      : /Users/emiliodominguez/Downloads/taskbox/.angular/cache/13.3.7/babel-webpack/762487f18a2127edf16cce8b583e101e.json
[18:19:57] Including      : /Users/emiliodominguez/Downloads/taskbox/.angular/cache/13.3.7/babel-webpack/7761aa488a85575fbfb9cd93ff8f017d.json
[18:19:57] Including      : /Users/emiliodominguez/Downloads/taskbox/.angular/cache/13.3.7/babel-webpack/7cc73cbf04738b3f06b31e2fa2b34071.json
[18:19:57] Including      : /Users/emiliodominguez/Downloads/taskbox/.angular/cache/13.3.7/babel-webpack/7e155ce4db38973103e95c065b46d7a2.json
[18:19:57] Including      : /Users/emiliodominguez/Downloads/taskbox/.angular/cache/13.3.7/babel-webpack/7fb49faf7aae4bdc5bd4291f376d2ca8.json
[18:19:57] Including      : /Users/emiliodominguez/Downloads/taskbox/.angular/cache/13.3.7/babel-webpack/805bf3650ac020eeb959dce3cacdef29.json
[18:19:57] Including      : /Users/emiliodominguez/Downloads/taskbox/.angular/cache/13.3.7/babel-webpack/8087c5c024f0d98d53382a4ee52b9070.json
[18:19:57] Including      : /Users/emiliodominguez/Downloads/taskbox/.angular/cache/13.3.7/babel-webpack/84a0eb65c7c7e379964cf43e4e3c2084.json
[18:19:57] Including      : /Users/emiliodominguez/Downloads/taskbox/.angular/cache/13.3.7/babel-webpack/89152abd627d0cd65b7f83c1bab70d83.json
[18:19:57] Including      : /Users/emiliodominguez/Downloads/taskbox/.angular/cache/13.3.7/babel-webpack/8cd9bfc8bec471d2e7a126057d362733.json
[18:19:57] Including      : /Users/emiliodominguez/Downloads/taskbox/.angular/cache/13.3.7/babel-webpack/8eb69efa1706b02a04eab373a42c692a.json
[18:19:57] Including      : /Users/emiliodominguez/Downloads/taskbox/.angular/cache/13.3.7/babel-webpack/93af57d4cf7faf97125cab904f7cc059.json
[18:19:57] Including      : /Users/emiliodominguez/Downloads/taskbox/.angular/cache/13.3.7/babel-webpack/94f1bffc7ee5fa18c0e56e1a5afdd115.json
[18:19:57] Including      : /Users/emiliodominguez/Downloads/taskbox/.angular/cache/13.3.7/babel-webpack/9538022d1508fa15f70cb93c93c485c1.json
[18:19:57] Including      : /Users/emiliodominguez/Downloads/taskbox/.angular/cache/13.3.7/babel-webpack/95a9f98745a277e24d582a7279a730a5.json
[18:19:57] Including      : /Users/emiliodominguez/Downloads/taskbox/.angular/cache/13.3.7/babel-webpack/9a09628fbdac84ccf892a40a76aa3c85.json
[18:19:57] Including      : /Users/emiliodominguez/Downloads/taskbox/.angular/cache/13.3.7/babel-webpack/9cc8959dd3f07938034724275952980e.json
[18:19:57] Including      : /Users/emiliodominguez/Downloads/taskbox/.angular/cache/13.3.7/babel-webpack/9ed1e9d8a0fee4aa2e5fcb5377efa915.json
[18:19:57] Including      : /Users/emiliodominguez/Downloads/taskbox/.angular/cache/13.3.7/babel-webpack/a11d01e64956006d9b2e2c5fee4e6768.json
[18:19:57] Including      : /Users/emiliodominguez/Downloads/taskbox/.angular/cache/13.3.7/babel-webpack/a2f2da0c1415b4ec7e3f860d3b94e231.json
[18:19:57] Including      : /Users/emiliodominguez/Downloads/taskbox/.angular/cache/13.3.7/babel-webpack/a3d7587be08b6c1d845d57a5afc84924.json
[18:19:57] Including      : /Users/emiliodominguez/Downloads/taskbox/.angular/cache/13.3.7/babel-webpack/a67a0bf88dbbbc97504284ba90f2e3c0.json
[18:19:57] Including      : /Users/emiliodominguez/Downloads/taskbox/.angular/cache/13.3.7/babel-webpack/a67c150060433f0f8436e69b95e6f3bd.json
[18:19:57] Including      : /Users/emiliodominguez/Downloads/taskbox/.angular/cache/13.3.7/babel-webpack/a6cb924c91c59abc569f67fd858ab56f.json
[18:19:57] Including      : /Users/emiliodominguez/Downloads/taskbox/.angular/cache/13.3.7/babel-webpack/a720953c8ec5f2d6a40cc7db96aab6d8.json
[18:19:57] Including      : /Users/emiliodominguez/Downloads/taskbox/.angular/cache/13.3.7/babel-webpack/a9bb4921db6a588eb542829ca53a9e8f.json
[18:19:57] Including      : /Users/emiliodominguez/Downloads/taskbox/.angular/cache/13.3.7/babel-webpack/ac766e8d67dd37f313bae247613632ec.json
[18:19:57] Including      : /Users/emiliodominguez/Downloads/taskbox/.angular/cache/13.3.7/babel-webpack/add7454b9be4ac900b0c772177f37acf.json
[18:19:57] Including      : /Users/emiliodominguez/Downloads/taskbox/.angular/cache/13.3.7/babel-webpack/af925150fd4bc9c62434de2431e2a6d7.json
[18:19:57] Including      : /Users/emiliodominguez/Downloads/taskbox/.angular/cache/13.3.7/babel-webpack/b51e41af0f373aebee35b60e8b840dd7.json
[18:19:57] Including      : /Users/emiliodominguez/Downloads/taskbox/.angular/cache/13.3.7/babel-webpack/b5a90d27e07a3c99ae6d8c3fa5ae621c.json
[18:19:57] Including      : /Users/emiliodominguez/Downloads/taskbox/.angular/cache/13.3.7/babel-webpack/b62596eafcd9ae05c7399fc4593b5a52.json
[18:19:57] Including      : /Users/emiliodominguez/Downloads/taskbox/.angular/cache/13.3.7/babel-webpack/b6fa4a1f1ee4b2d053010d9362db84b7.json
[18:19:57] Including      : /Users/emiliodominguez/Downloads/taskbox/.angular/cache/13.3.7/babel-webpack/b8cce2bc2a98a6c8bcc4a4907c1562c4.json
[18:19:57] Including      : /Users/emiliodominguez/Downloads/taskbox/.angular/cache/13.3.7/babel-webpack/b953d719b3c9b8811db27941a54955c0.json
[18:19:57] Including      : /Users/emiliodominguez/Downloads/taskbox/.angular/cache/13.3.7/babel-webpack/bc5aed7e2584ef7553e63404400632c5.json
[18:19:57] Including      : /Users/emiliodominguez/Downloads/taskbox/.angular/cache/13.3.7/babel-webpack/bdaa91c5f0ec32c58f5282e03c322fba.json
[18:19:57] Including      : /Users/emiliodominguez/Downloads/taskbox/.angular/cache/13.3.7/babel-webpack/be259f5e02b22dc1ad6d0ed402c61a55.json
[18:19:57] Including      : /Users/emiliodominguez/Downloads/taskbox/.angular/cache/13.3.7/babel-webpack/c22eefcfca9d0dbb83fcb1533d49c69f.json
[18:19:57] Including      : /Users/emiliodominguez/Downloads/taskbox/.angular/cache/13.3.7/babel-webpack/c34c19608c3952486f79b9f77e229dc0.json
[18:19:57] Including      : /Users/emiliodominguez/Downloads/taskbox/.angular/cache/13.3.7/babel-webpack/c3cd582fe77f1c5c8e5ed58240f34a41.json
[18:19:57] Including      : /Users/emiliodominguez/Downloads/taskbox/.angular/cache/13.3.7/babel-webpack/c836e7d3aac2cabea4a546815b2de7b7.json
[18:19:57] Including      : /Users/emiliodominguez/Downloads/taskbox/.angular/cache/13.3.7/babel-webpack/ca6697713738f9b2ae9867083c816fd1.json
[18:19:57] Including      : /Users/emiliodominguez/Downloads/taskbox/.angular/cache/13.3.7/babel-webpack/cbe0874829c2963d265837843ea60b5d.json
[18:19:57] Including      : /Users/emiliodominguez/Downloads/taskbox/.angular/cache/13.3.7/babel-webpack/cc21a0ebb04b448e300ca57512943aac.json
[18:19:57] Including      : /Users/emiliodominguez/Downloads/taskbox/.angular/cache/13.3.7/babel-webpack/ccebb7aa53d34219a88afe1168d13732.json
[18:19:57] Including      : /Users/emiliodominguez/Downloads/taskbox/.angular/cache/13.3.7/babel-webpack/ce492299bfb47408b555b89c68c75fad.json
[18:19:57] Including      : /Users/emiliodominguez/Downloads/taskbox/.angular/cache/13.3.7/babel-webpack/cff5f93ae375255aacd649f6984cab01.json
[18:19:57] Including      : /Users/emiliodominguez/Downloads/taskbox/.angular/cache/13.3.7/babel-webpack/d14e38ebbbb3a5456c5a349680f6ff51.json
[18:19:57] Including      : /Users/emiliodominguez/Downloads/taskbox/.angular/cache/13.3.7/babel-webpack/d1629f05f0766d8aee32975303491917.json
[18:19:57] Including      : /Users/emiliodominguez/Downloads/taskbox/.angular/cache/13.3.7/babel-webpack/d168e5d60062ad62af49a46b4eb763ef.json
[18:19:57] Including      : /Users/emiliodominguez/Downloads/taskbox/.angular/cache/13.3.7/babel-webpack/d20c6e6c08c1fc4ce3930a33a18b9609.json
[18:19:57] Including      : /Users/emiliodominguez/Downloads/taskbox/.angular/cache/13.3.7/babel-webpack/d3e9b9734ce857dad4eaa4c5bd1ab193.json
[18:19:57] Including      : /Users/emiliodominguez/Downloads/taskbox/.angular/cache/13.3.7/babel-webpack/d5ea09263e3ea7ac853185eb0ecce18f.json
[18:19:57] Including      : /Users/emiliodominguez/Downloads/taskbox/.angular/cache/13.3.7/babel-webpack/d7d245c15a64c80ce0fb2dc6f649f2fb.json
[18:19:57] Including      : /Users/emiliodominguez/Downloads/taskbox/.angular/cache/13.3.7/babel-webpack/d8a141373996a0c1848ab7ac4d92af9c.json
[18:19:57] Including      : /Users/emiliodominguez/Downloads/taskbox/.angular/cache/13.3.7/babel-webpack/da89e77a45fdc2eec063c77f28267bb2.json
[18:19:57] Including      : /Users/emiliodominguez/Downloads/taskbox/.angular/cache/13.3.7/babel-webpack/db939e2949c7ee1da1c43be12a85c659.json
[18:19:57] Including      : /Users/emiliodominguez/Downloads/taskbox/.angular/cache/13.3.7/babel-webpack/dc66059518349aa8de93fe62ff4ba639.json
[18:19:57] Including      : /Users/emiliodominguez/Downloads/taskbox/.angular/cache/13.3.7/babel-webpack/de01d39cfef302c77c8920a4a3bc02e2.json
[18:19:57] Including      : /Users/emiliodominguez/Downloads/taskbox/.angular/cache/13.3.7/babel-webpack/df439d36ae46c621395db7d664640cd7.json
[18:19:57] Including      : /Users/emiliodominguez/Downloads/taskbox/.angular/cache/13.3.7/babel-webpack/e052ca95e006357a9bf77cddef8156ef.json
[18:19:57] Including      : /Users/emiliodominguez/Downloads/taskbox/.angular/cache/13.3.7/babel-webpack/e3114a1cc7895b8a94117d6ba95e92d9.json
[18:19:57] Including      : /Users/emiliodominguez/Downloads/taskbox/.angular/cache/13.3.7/babel-webpack/e3e9f4ec9e870940f59c4c16c161947f.json
[18:19:57] Including      : /Users/emiliodominguez/Downloads/taskbox/.angular/cache/13.3.7/babel-webpack/e6330156cab630ba9399988101578972.json
[18:19:57] Including      : /Users/emiliodominguez/Downloads/taskbox/.angular/cache/13.3.7/babel-webpack/e652cbfcd3dd685d6aed1f9c2e851a97.json
[18:19:57] Including      : /Users/emiliodominguez/Downloads/taskbox/.angular/cache/13.3.7/babel-webpack/e6993bdd77175f0cf1e53ef95c1c9e77.json
[18:19:57] Including      : /Users/emiliodominguez/Downloads/taskbox/.angular/cache/13.3.7/babel-webpack/e6e140e7ddde2c97c2541ff1588b4893.json
[18:19:57] Including      : /Users/emiliodominguez/Downloads/taskbox/.angular/cache/13.3.7/babel-webpack/e97f80655fa144d668daefa112846758.json
[18:19:57] Including      : /Users/emiliodominguez/Downloads/taskbox/.angular/cache/13.3.7/babel-webpack/e9a1e73d6e0d7ccda5f1e4c4a3360ac0.json
[18:19:57] Including      : /Users/emiliodominguez/Downloads/taskbox/.angular/cache/13.3.7/babel-webpack/ea9b886daa694a4d97b5f9528ff3ae8f.json
[18:19:57] Including      : /Users/emiliodominguez/Downloads/taskbox/.angular/cache/13.3.7/babel-webpack/eb0be62ee6154df3b933bef38e7740bc.json
[18:19:57] Including      : /Users/emiliodominguez/Downloads/taskbox/.angular/cache/13.3.7/babel-webpack/ee549858c418a4bbd0285fe908064eca.json
[18:19:57] Including      : /Users/emiliodominguez/Downloads/taskbox/.angular/cache/13.3.7/babel-webpack/ef8dd7157d46337550bf70ebf53d99ce.json
[18:19:57] Including      : /Users/emiliodominguez/Downloads/taskbox/.angular/cache/13.3.7/babel-webpack/f136548e7acfd38f389b153b4dd759f3.json
[18:19:57] Including      : /Users/emiliodominguez/Downloads/taskbox/.angular/cache/13.3.7/babel-webpack/f1e1df247d0b9188d73573165bc84e91.json
[18:19:57] Including      : /Users/emiliodominguez/Downloads/taskbox/.angular/cache/13.3.7/babel-webpack/f46ba68d0aa727361650f6d0a8caad7f.json
[18:19:57] Including      : /Users/emiliodominguez/Downloads/taskbox/.angular/cache/13.3.7/babel-webpack/f4c1a8744f79ec174f07e3d17c0f0e55.json
[18:19:57] Including      : /Users/emiliodominguez/Downloads/taskbox/.angular/cache/13.3.7/babel-webpack/f5dc353904e0ed719e2a95cb054985ac.json
[18:19:57] Including      : /Users/emiliodominguez/Downloads/taskbox/.angular/cache/13.3.7/babel-webpack/f7c6df95214b38da1eb569b54e118b0a.json
[18:19:57] Including      : /Users/emiliodominguez/Downloads/taskbox/.angular/cache/13.3.7/babel-webpack/f8638dbb01ae30e47d2a45b780e8b1c3.json
[18:19:57] Including      : /Users/emiliodominguez/Downloads/taskbox/.angular/cache/13.3.7/babel-webpack/f926297d83ce498fd5ae87ec51c69b69.json
[18:19:57] Including      : /Users/emiliodominguez/Downloads/taskbox/.angular/cache/13.3.7/babel-webpack/fa30ef85a288e752d5449569d47140cf.json
[18:19:57] Including      : /Users/emiliodominguez/Downloads/taskbox/.angular/cache/13.3.7/babel-webpack/fe5e86de155d3362e6fdd72660044804.json
[18:19:57] Including      : /Users/emiliodominguez/Downloads/taskbox/src/app/components/inbox-screen/inbox-screen.component.css
[18:19:57] Including      : /Users/emiliodominguez/Downloads/taskbox/src/app/components/inbox-screen/inbox-screen.component.html
[18:19:57] Ignoring       : /Users/emiliodominguez/Downloads/taskbox/src/app/components/inbox-screen/inbox-screen.component.spec.ts
[18:19:57] Including      : /Users/emiliodominguez/Downloads/taskbox/src/app/components/inbox-screen/inbox-screen.component.ts
[18:19:57] Including      : /Users/emiliodominguez/Downloads/taskbox/src/app/components/pure-inbox-screen/pure-inbox-screen.component.css
[18:19:57] Including      : /Users/emiliodominguez/Downloads/taskbox/src/app/components/pure-inbox-screen/pure-inbox-screen.component.html
[18:19:57] Ignoring       : /Users/emiliodominguez/Downloads/taskbox/src/app/components/pure-inbox-screen/pure-inbox-screen.component.spec.ts
[18:19:57] Including      : /Users/emiliodominguez/Downloads/taskbox/src/app/components/pure-inbox-screen/pure-inbox-screen.component.stories.ts
[18:19:57] Including      : /Users/emiliodominguez/Downloads/taskbox/src/app/components/pure-inbox-screen/pure-inbox-screen.component.ts
[18:19:57] Including      : /Users/emiliodominguez/Downloads/taskbox/src/app/components/pure-task-list/pure-task-list.component.css
[18:19:57] Including      : /Users/emiliodominguez/Downloads/taskbox/src/app/components/pure-task-list/pure-task-list.component.html
[18:19:57] Ignoring       : /Users/emiliodominguez/Downloads/taskbox/src/app/components/pure-task-list/pure-task-list.component.spec.ts
[18:19:57] Including      : /Users/emiliodominguez/Downloads/taskbox/src/app/components/pure-task-list/pure-task-list.component.stories.ts
[18:19:57] Including      : /Users/emiliodominguez/Downloads/taskbox/src/app/components/pure-task-list/pure-task-list.component.ts
[18:19:57] Including      : /Users/emiliodominguez/Downloads/taskbox/src/app/components/task/task.component.css
[18:19:57] Including      : /Users/emiliodominguez/Downloads/taskbox/src/app/components/task/task.component.html
[18:19:57] Ignoring       : /Users/emiliodominguez/Downloads/taskbox/src/app/components/task/task.component.spec.ts
[18:19:57] Including      : /Users/emiliodominguez/Downloads/taskbox/src/app/components/task/task.component.stories.ts
[18:19:57] Including      : /Users/emiliodominguez/Downloads/taskbox/src/app/components/task/task.component.ts
[18:19:57] Including      : /Users/emiliodominguez/Downloads/taskbox/src/app/components/task-list/task-list.component.css
[18:19:57] Including      : /Users/emiliodominguez/Downloads/taskbox/src/app/components/task-list/task-list.component.html
[18:19:57] Ignoring       : /Users/emiliodominguez/Downloads/taskbox/src/app/components/task-list/task-list.component.spec.ts
[18:19:57] Including      : /Users/emiliodominguez/Downloads/taskbox/src/app/components/task-list/task-list.component.ts
[18:19:57] Including      : /Users/emiliodominguez/Downloads/taskbox/src/app/modules/task-module/task-module.module.ts
[18:19:57] Searching package.json file
[18:19:57] package.json file found
[18:19:57] Processing package.json dependencies
[18:19:57] Searching README.md, CHANGELOG.md, CONTRIBUTING.md, LICENSE.md, TODO.md files
[18:19:57] README.md file found
[18:19:57] Error during /Users/emiliodominguez/Downloads/taskbox/CHANGELOG read
[18:19:57] Continuing without CHANGELOG.md file
[18:19:57] Error during /Users/emiliodominguez/Downloads/taskbox/CONTRIBUTING read
[18:19:57] Continuing without CONTRIBUTING.md file
[18:19:57] LICENSE.md file found
[18:19:57] Error during /Users/emiliodominguez/Downloads/taskbox/TODO read
[18:19:57] Continuing without TODO.md file
[18:19:57] Get dependencies data
[18:19:58] parsing        : /Users/emiliodominguez/Downloads/taskbox/jest-config/setup.ts
[18:19:58] parsing        : /Users/emiliodominguez/Downloads/taskbox/src/main.ts
[18:19:58] parsing        : /Users/emiliodominguez/Downloads/taskbox/src/polyfills.ts
[18:19:58] parsing        : /Users/emiliodominguez/Downloads/taskbox/jest-config/__mocks__/globalMocks.ts
[18:19:58] parsing        : /Users/emiliodominguez/Downloads/taskbox/src/app/app.component.ts
[18:19:58] found          : AppComponent
[18:19:58] parsing        : /Users/emiliodominguez/Downloads/taskbox/src/app/app.module.ts
[18:19:58] found          : AppModule
[18:19:58]                : - imports:
[18:19:58]                : 	- BrowserModule
[18:19:58]                : 	- TaskModule
[18:19:58]                : 	- NgxsModule
[18:19:58]                : 	- NgxsReduxDevtoolsPluginModule
[18:19:58]                : 	- NgxsLoggerPluginModule
[18:19:58]                : - declarations:
[18:19:58]                : 	- AppComponent
[18:19:58]                : 	- InboxScreenComponent
[18:19:58]                : 	- PureInboxScreenComponent
[18:19:58]                : - bootstrap:
[18:19:58]                : 	- AppComponent
[18:19:58] parsing        : /Users/emiliodominguez/Downloads/taskbox/src/environments/environment.prod.ts
[18:19:58] found          : environment
[18:19:58] parsing        : /Users/emiliodominguez/Downloads/taskbox/src/environments/environment.ts
[18:19:58] found          : environment
[18:19:58] parsing        : /Users/emiliodominguez/Downloads/taskbox/src/stories/Button.stories.ts
[18:19:58] found          : Template
[18:19:58] found          : Primary
[18:19:58] found          : Secondary
[18:19:58] found          : Large
[18:19:58] found          : Small
[18:19:58] parsing        : /Users/emiliodominguez/Downloads/taskbox/src/stories/Header.stories.ts
[18:19:58] found          : Template
[18:19:58] found          : LoggedIn
[18:19:58] found          : LoggedOut
[18:19:58] parsing        : /Users/emiliodominguez/Downloads/taskbox/src/stories/Page.stories.ts
[18:19:58] found          : Template
[18:19:58] found          : LoggedOut
[18:19:58] found          : LoggedIn
[18:19:58] parsing        : /Users/emiliodominguez/Downloads/taskbox/src/stories/User.ts
[18:19:58] found          : User
[18:19:58] parsing        : /Users/emiliodominguez/Downloads/taskbox/src/stories/button.component.ts
[18:19:58] found          : ButtonComponent
[18:19:58] parsing        : /Users/emiliodominguez/Downloads/taskbox/src/stories/header.component.ts
[18:19:58] found          : HeaderComponent
[18:19:58] parsing        : /Users/emiliodominguez/Downloads/taskbox/src/stories/page.component.ts
[18:19:58] found          : PageComponent
[18:19:58] parsing        : /Users/emiliodominguez/Downloads/taskbox/src/app/models/task.model.ts
[18:19:58] found          : TaskState
[18:19:58] found          : Task
[18:19:58] found          : TaskStateModelStatus
[18:19:58] found          : TaskStateModel
[18:19:58] parsing        : /Users/emiliodominguez/Downloads/taskbox/src/app/store/task.store.ts
[18:19:58] found          : TaskActions
[18:19:58] found          : ArchiveTask
[18:19:58] found          : PinTask
[18:19:58] found          : AppError
[18:19:58] found          : defaultTasks
[18:19:58] found          : TasksState
[18:19:58] parsing        : /Users/emiliodominguez/Downloads/taskbox/src/app/components/inbox-screen/inbox-screen.component.ts
[18:19:58] found          : InboxScreenComponent
[18:19:58] parsing        : /Users/emiliodominguez/Downloads/taskbox/src/app/components/pure-inbox-screen/pure-inbox-screen.component.stories.ts
[18:19:58] found          : Template
[18:19:58] found          : Default
[18:19:58] found          : Error
[18:19:58] found          : WithInteractions
[18:19:58] parsing        : /Users/emiliodominguez/Downloads/taskbox/src/app/components/pure-inbox-screen/pure-inbox-screen.component.ts
[18:19:58] found          : PureInboxScreenComponent
[18:19:58] parsing        : /Users/emiliodominguez/Downloads/taskbox/src/app/components/pure-task-list/pure-task-list.component.stories.ts
[18:19:58] found          : Template
[18:19:58] found          : Default
[18:19:58] found          : WithPinnedTasks
[18:19:58] found          : Loading
[18:19:58] found          : Empty
[18:19:58] parsing        : /Users/emiliodominguez/Downloads/taskbox/src/app/components/pure-task-list/pure-task-list.component.ts
[18:19:58] found          : PureTaskListComponent
[18:19:58] parsing        : /Users/emiliodominguez/Downloads/taskbox/src/app/components/task/task.component.stories.ts
[18:19:58] found          : actionsData
[18:19:58] found          : Template
[18:19:58] found          : Default
[18:19:58] found          : Pinned
[18:19:58] found          : Archived
[18:19:58] parsing        : /Users/emiliodominguez/Downloads/taskbox/src/app/components/task/task.component.ts
[18:19:58] found          : TaskComponent
[18:19:58] parsing        : /Users/emiliodominguez/Downloads/taskbox/src/app/components/task-list/task-list.component.ts
[18:19:58] found          : TaskListComponent
[18:19:58] parsing        : /Users/emiliodominguez/Downloads/taskbox/src/app/modules/task-module/task-module.module.ts
[18:19:58] found          : TaskModule
[18:19:58]                : - imports:
[18:19:58]                : 	- CommonModule
[18:19:58]                : 	- NgxsModule
[18:19:58]                : - exports:
[18:19:58]                : 	- TaskComponent
[18:19:58]                : 	- TaskListComponent
[18:19:58]                : - declarations:
[18:19:58]                : 	- TaskComponent
[18:19:58]                : 	- TaskListComponent
[18:19:58]                : 	- PureTaskListComponent
[18:19:58] -------------------
[18:19:58] Project statistics 
[18:19:58] - files      : 238
[18:19:58] - module     : 2
[18:19:58] - component  : 9
[18:19:58] - injectable : 1
[18:19:58] - class      : 3
[18:19:58] - interface  : 3
[18:19:58] -------------------
[18:19:58] Prepare components
[18:19:58]  AppComponent has a templateUrl, include it
[18:19:58]  AppComponent has styleUrls, include them
[18:19:58]  ButtonComponent has styleUrls, include them
[18:19:58]  HeaderComponent has styleUrls, include them
[18:19:58]  InboxScreenComponent has a templateUrl, include it
[18:19:58]  InboxScreenComponent has styleUrls, include them
[18:19:58]  PageComponent has styleUrls, include them
[18:19:58]  PureInboxScreenComponent has a templateUrl, include it
[18:19:58]  PureInboxScreenComponent has styleUrls, include them
[18:19:58]  PureTaskListComponent has a templateUrl, include it
[18:19:58]  PureTaskListComponent has styleUrls, include them
[18:19:58]  TaskComponent has a templateUrl, include it
[18:19:58]  TaskComponent has styleUrls, include them
[18:19:58]  TaskListComponent has a templateUrl, include it
[18:19:58]  TaskListComponent has styleUrls, include them
[18:19:58] Prepare modules
[18:19:58] Prepare injectables
[18:19:58] Prepare classes
[18:19:58] Prepare interfaces
[18:19:58] Prepare miscellaneous
[18:19:58] Process documentation coverage report
[18:19:58] Generating documentation in export format json
[18:19:58] Documentation generated in ./ in 0.411 seconds
info @storybook/angular v6.5.7
info 
info => Cleaning outputDir: /var/folders/jc/ryfs3gr14zg2_2ynn5vdnnw80000gt/T/chromatic--8336-QTI8pVQUlnVA
info => Loading presets
info => Compiling manager..
info => Compiling preview..
info Addon-docs: using MDX1
info => Using implicit CSS loaders
info => Loading angular-cli config for angular >= 13.0.0
info => Using angular project with "tsConfig:/Users/emiliodominguez/Downloads/taskbox/.storybook/tsconfig.json"
WARN Your Storybook startup uses a solution that will not be supported in version 7.0. 
WARN You must use angular builder to have an explicit configuration on the project used in angular.json
WARN Read more at:
WARN - https://github.com/storybookjs/storybook/blob/next/MIGRATION.md#sb-angular-builder)
WARN - https://github.com/storybookjs/storybook/blob/next/MIGRATION.md#angular13)
info => Using angular project "taskbox:build" for configuring Storybook
info => Using default Webpack5 setup
<s> [webpack.Progress] 0% 

<s> [webpack.Progress] 1% setup before run
<s> [webpack.Progress] 1% setup before run NodeEnvironmentPlugin
<s> [webpack.Progress] 1% setup before run
<s> [webpack.Progress] 2% setup run
<s> [webpack.Progress] 2% setup run
<s> [webpack.Progress] 4% setup normal module factory
<s> [webpack.Progress] 4% setup normal module factory CaseSensitivePathsPlugin
<s> [webpack.Progress] 4% setup normal module factory
<s> [webpack.Progress] 5% setup context module factory
<s> [webpack.Progress] 5% setup context module factory
<s> [webpack.Progress] 6% setup before compile
<s> [webpack.Progress] 6% setup before compile angular-compiler
<s> [webpack.Progress] 6% setup before compile ProgressPlugin
<s> [webpack.Progress] 6% setup before compile
<s> [webpack.Progress] 7% setup compile
<s> [webpack.Progress] 7% setup compile ExternalsPlugin
<s> [webpack.Progress] 7% setup compile
<s> [webpack.Progress] 8% setup compilation
<s> [webpack.Progress] 8% setup compilation CopyPlugin
<s> [webpack.Progress] 8% setup compilation angular-compiler
<s> [webpack.Progress] 8% setup compilation mini-css-extract-plugin
<s> [webpack.Progress] 8% setup compilation ArrayPushCallbackChunkFormatPlugin
<s> [webpack.Progress] 8% setup compilation JsonpChunkLoadingPlugin
<s> [webpack.Progress] 8% setup compilation StartupChunkDependenciesPlugin
<s> [webpack.Progress] 8% setup compilation ImportScriptsChunkLoadingPlugin
<s> [webpack.Progress] 8% setup compilation FetchCompileWasmPlugin
<s> [webpack.Progress] 8% setup compilation FetchCompileAsyncWasmPlugin
<s> [webpack.Progress] 8% setup compilation WorkerPlugin
<s> [webpack.Progress] 8% setup compilation SplitChunksPlugin
<s> [webpack.Progress] 8% setup compilation RuntimeChunkPlugin
<s> [webpack.Progress] 8% setup compilation ResolverCachePlugin
<s> [webpack.Progress] 8% setup compilation HtmlWebpackPlugin
<s> [webpack.Progress] 8% setup compilation
<s> [webpack.Progress] 9% setup compilation
<s> [webpack.Progress] 9% setup compilation named-chunks-plugin
<s> [webpack.Progress] 9% setup compilation DedupeModuleResolvePlugin
<s> [webpack.Progress] 9% setup compilation AnyComponentStyleBudgetChecker
<s> [webpack.Progress] 9% setup compilation mini-css-extract-plugin
<s> [webpack.Progress] 9% setup compilation SuppressExtractedTextChunks
<s> [webpack.Progress] 9% setup compilation DefinePlugin
<s> [webpack.Progress] 9% setup compilation ProvidePlugin
<s> [webpack.Progress] 9% setup compilation ProgressPlugin
<s> [webpack.Progress] 9% setup compilation ChunkPrefetchPreloadPlugin
<s> [webpack.Progress] 9% setup compilation SourceMapDevToolPlugin
<s> [webpack.Progress] 9% setup compilation JavascriptModulesPlugin
<s> [webpack.Progress] 9% setup compilation JsonModulesPlugin
<s> [webpack.Progress] 9% setup compilation AssetModulesPlugin
<s> [webpack.Progress] 9% setup compilation EntryPlugin
<s> [webpack.Progress] 9% setup compilation EntryPlugin
<s> [webpack.Progress] 9% setup compilation EntryPlugin
<s> [webpack.Progress] 9% setup compilation EntryPlugin
<s> [webpack.Progress] 9% setup compilation EntryPlugin
<s> [webpack.Progress] 9% setup compilation EntryPlugin
<s> [webpack.Progress] 9% setup compilation EntryPlugin
<s> [webpack.Progress] 9% setup compilation EntryPlugin
<s> [webpack.Progress] 9% setup compilation EntryPlugin
<s> [webpack.Progress] 9% setup compilation EntryPlugin
<s> [webpack.Progress] 9% setup compilation EntryPlugin
<s> [webpack.Progress] 9% setup compilation EntryPlugin
<s> [webpack.Progress] 9% setup compilation EntryPlugin
<s> [webpack.Progress] 9% setup compilation EntryPlugin
<s> [webpack.Progress] 9% setup compilation EntryPlugin
<s> [webpack.Progress] 9% setup compilation EntryPlugin
<s> [webpack.Progress] 9% setup compilation EntryPlugin
<s> [webpack.Progress] 9% setup compilation EntryPlugin
<s> [webpack.Progress] 9% setup compilation RuntimePlugin
<s> [webpack.Progress] 9% setup compilation InferAsyncModulesPlugin
<s> [webpack.Progress] 9% setup compilation DataUriPlugin
<s> [webpack.Progress] 9% setup compilation FileUriPlugin
<s> [webpack.Progress] 9% setup compilation CompatibilityPlugin
<s> [webpack.Progress] 9% setup compilation HarmonyModulesPlugin
<s> [webpack.Progress] 9% setup compilation AMDPlugin
<s> [webpack.Progress] 9% setup compilation RequireJsStuffPlugin
<s> [webpack.Progress] 9% setup compilation CommonJsPlugin
<s> [webpack.Progress] 9% setup compilation LoaderPlugin
<s> [webpack.Progress] 9% setup compilation LoaderPlugin
<s> [webpack.Progress] 9% setup compilation NodeStuffPlugin
<s> [webpack.Progress] 9% setup compilation APIPlugin
<s> [webpack.Progress] 9% setup compilation ExportsInfoApiPlugin
<s> [webpack.Progress] 9% setup compilation WebpackIsIncludedPlugin
<s> [webpack.Progress] 9% setup compilation ConstPlugin
<s> [webpack.Progress] 9% setup compilation UseStrictPlugin
<s> [webpack.Progress] 9% setup compilation RequireIncludePlugin
<s> [webpack.Progress] 9% setup compilation RequireEnsurePlugin
<s> [webpack.Progress] 9% setup compilation RequireContextPlugin
<s> [webpack.Progress] 9% setup compilation ImportPlugin
<s> [webpack.Progress] 9% setup compilation RequireContextPlugin
<s> [webpack.Progress] 9% setup compilation SystemPlugin
<s> [webpack.Progress] 9% setup compilation ImportMetaPlugin
<s> [webpack.Progress] 9% setup compilation URLPlugin
<s> [webpack.Progress] 9% setup compilation DefaultStatsFactoryPlugin
<s> [webpack.Progress] 9% setup compilation DefaultStatsPresetPlugin
<s> [webpack.Progress] 9% setup compilation DefaultStatsPrinterPlugin
<s> [webpack.Progress] 9% setup compilation JavascriptMetaInfoPlugin
<s> [webpack.Progress] 9% setup compilation EnsureChunkConditionsPlugin
<s> [webpack.Progress] 9% setup compilation RemoveEmptyChunksPlugin
<s> [webpack.Progress] 9% setup compilation MergeDuplicateChunksPlugin
<s> [webpack.Progress] 9% setup compilation FlagIncludedChunksPlugin
<s> [webpack.Progress] 9% setup compilation SideEffectsFlagPlugin
<s> [webpack.Progress] 9% setup compilation FlagDependencyExportsPlugin
<s> [webpack.Progress] 9% setup compilation FlagDependencyUsagePlugin
<s> [webpack.Progress] 9% setup compilation InnerGraphPlugin
<s> [webpack.Progress] 9% setup compilation MangleExportsPlugin
<s> [webpack.Progress] 9% setup compilation ModuleConcatenationPlugin
<s> [webpack.Progress] 9% setup compilation NoEmitOnErrorsPlugin
<s> [webpack.Progress] 9% setup compilation RealContentHashPlugin
<s> [webpack.Progress] 9% setup compilation WasmFinalizeExportsPlugin
<s> [webpack.Progress] 9% setup compilation NamedModuleIdsPlugin
<s> [webpack.Progress] 9% setup compilation DeterministicChunkIdsPlugin
<s> [webpack.Progress] 9% setup compilation DefinePlugin
<s> [webpack.Progress] 9% setup compilation TerserPlugin
<s> [webpack.Progress] 9% setup compilation TemplatedPathPlugin
<s> [webpack.Progress] 9% setup compilation RecordIdsPlugin
<s> [webpack.Progress] 9% setup compilation WarnCaseSensitiveModulesPlugin
<s> [webpack.Progress] 9% setup compilation IgnoreWarningsPlugin
<s> [webpack.Progress] 9% setup compilation
<s> [webpack.Progress] 10% building
<s> [webpack.Progress] 10% building 0/1 entries 0/0 dependencies 0/0 modules
<s> [webpack.Progress] 10% building import loader ./node_modules/@angular-devkit/build-angular/src/babel/webpack-loader.js
<s> [webpack.Progress] 10% building import loader ./node_modules/babel-loader/lib/index.js
<s> [webpack.Progress] 10% building 0/18 entries 12/18 dependencies 0/12 modules
<s> [webpack.Progress] 10% building import loader ./node_modules/mini-css-extract-plugin/dist/loader.js
<s> [webpack.Progress] 10% building import loader ./node_modules/css-loader/dist/cjs.js
<s> [webpack.Progress] 10% building import loader ./node_modules/postcss-loader/dist/cjs.js
<s> [webpack.Progress] 10% building 0/18 entries 13/18 dependencies 0/13 modules
<s> [webpack.Progress] 10% building import loader ./node_modules/@ngtools/webpack/src/ivy/index.js
<s> [webpack.Progress] 10% building 0/18 entries 15/19 dependencies 0/15 modules
<s> [webpack.Progress] 13% building 1/18 entries 112/147 dependencies 2/70 modules
<s> [webpack.Progress] 13% building import loader ./node_modules/@storybook/source-loader/dist/cjs/index.js
<s> [webpack.Progress] 13% building 1/18 entries 165/221 dependencies 9/83 modules
<s> [webpack.Progress] 16% building 2/18 entries 214/246 dependencies 12/119 modules
<s> [webpack.Progress] 16% building 2/18 entries 516/593 dependencies 62/200 modules
<s> [webpack.Progress] 19% building 3/18 entries 551/602 dependencies 64/222 modules
<s> [webpack.Progress] 19% building 3/18 entries 1100/1133 dependencies 109/349 modules
<s> [webpack.Progress] 19% building 3/18 entries 1300/1488 dependencies 169/376 modules
<s> [webpack.Progress] 19% building 3/18 entries 1400/1488 dependencies 172/395 modules
<s> [webpack.Progress] 19% building 3/18 entries 1600/1911 dependencies 184/428 modules
<s> [webpack.Progress] 19% building 3/18 entries 1653/2000 dependencies 191/439 modules
<s> [webpack.Progress] 19% building 3/18 entries 1700/2090 dependencies 192/482 modules
<s> [webpack.Progress] 22% building 4/18 entries 1786/2090 dependencies 240/524 modules
<s> [webpack.Progress] 22% building 4/18 entries 2253/2700 dependencies 276/647 modules
<s> [webpack.Progress] 22% building 4/18 entries 3147/3200 dependencies 314/896 modules
<s> [webpack.Progress] 22% building 4/18 entries 3400/3447 dependencies 350/920 modules
<s> [webpack.Progress] 22% building 4/18 entries 3600/3685 dependencies 379/966 modules
<s> [webpack.Progress] 22% building 4/18 entries 4296/4387 dependencies 500/1031 modules
<s> [webpack.Progress] 22% building 4/18 entries 4470/4500 dependencies 581/1074 modules
<s> [webpack.Progress] 22% building 4/18 entries 4922/5100 dependencies 810/1184 modules
<s> [webpack.Progress] 22% building 4/18 entries 5039/5187 dependencies 856/1200 modules
<s> [webpack.Progress] 22% building 4/18 entries 5372/5500 dependencies 959/1318 modules
<s> [webpack.Progress] 22% building 4/18 entries 6000/6129 dependencies 1159/1536 modules
<s> [webpack.Progress] 25% building 4/18 entries 6362/6400 dependencies 1396/1644 modules
<s> [webpack.Progress] 26% building 4/18 entries 6562/6600 dependencies 1480/1666 modules
<s> [webpack.Progress] 27% building 5/18 entries 6724/6745 dependencies 1600/1697 modules
<s> [webpack.Progress] 28% building 6/18 entries 6724/6745 dependencies 1601/1697 modules
<s> [webpack.Progress] 31% building 7/18 entries 6724/6745 dependencies 1602/1697 modules
<s> [webpack.Progress] 34% building 8/18 entries 6724/6745 dependencies 1603/1697 modules
<s> [webpack.Progress] 37% building 9/18 entries 6724/6745 dependencies 1604/1697 modules
<s> [webpack.Progress] 40% building 10/18 entries 6724/6745 dependencies 1605/1697 modules
<s> [webpack.Progress] 43% building 11/18 entries 6724/6745 dependencies 1606/1697 modules
<s> [webpack.Progress] 46% building 12/18 entries 6724/6745 dependencies 1607/1697 modules
<s> [webpack.Progress] 49% building 13/18 entries 6724/6745 dependencies 1608/1697 modules
<s> [webpack.Progress] 52% building 14/18 entries 6856/6867 dependencies 1656/1726 modules
<s> [webpack.Progress] 55% building 15/18 entries 6958/6961 dependencies 1718/1767 modules
<s> [webpack.Progress] 58% building 16/18 entries 6958/6961 dependencies 1718/1767 modules
<s> [webpack.Progress] 61% building 17/18 entries 6960/6961 dependencies 1734/1767 modules
<s> [webpack.Progress] 65% building 18/18 entries 6964/6964 dependencies 1768/1768 modules
<s> [webpack.Progress] 65% building
<s> [webpack.Progress] 69% building finish
<s> [webpack.Progress] 69% building finish
<s> [webpack.Progress] 70% sealing finish module graph
<s> [webpack.Progress] 70% sealing finish module graph angular-compiler
<s> [webpack.Progress] 70% sealing finish module graph ResolverCachePlugin
<s> [webpack.Progress] 70% sealing finish module graph InferAsyncModulesPlugin
<s> [webpack.Progress] 70% sealing finish module graph FlagDependencyExportsPlugin
<s> [webpack.Progress] 70% sealing finish module graph InnerGraphPlugin
<s> [webpack.Progress] 70% sealing finish module graph WasmFinalizeExportsPlugin
<s> [webpack.Progress] 70% sealing finish module graph
<s> [webpack.Progress] 70% sealing plugins
<s> [webpack.Progress] 70% sealing plugins WarnCaseSensitiveModulesPlugin
<s> [webpack.Progress] 70% sealing plugins
<s> [webpack.Progress] 71% sealing dependencies optimization
<s> [webpack.Progress] 71% sealing dependencies optimization SideEffectsFlagPlugin
<s> [webpack.Progress] 71% sealing dependencies optimization FlagDependencyUsagePlugin
<s> [webpack.Progress] 71% sealing dependencies optimization
<s> [webpack.Progress] 71% sealing after dependencies optimization
<s> [webpack.Progress] 71% sealing after dependencies optimization
<s> [webpack.Progress] 72% sealing chunk graph
<s> [webpack.Progress] 72% sealing chunk graph
<s> [webpack.Progress] 73% sealing after chunk graph
<s> [webpack.Progress] 73% sealing after chunk graph
<s> [webpack.Progress] 73% sealing optimizing
<s> [webpack.Progress] 73% sealing optimizing
<s> [webpack.Progress] 74% sealing module optimization
<s> [webpack.Progress] 74% sealing module optimization
<s> [webpack.Progress] 75% sealing after module optimization
<s> [webpack.Progress] 75% sealing after module optimization
<s> [webpack.Progress] 75% sealing chunk optimization
<s> [webpack.Progress] 75% sealing chunk optimization EnsureChunkConditionsPlugin
<s> [webpack.Progress] 75% sealing chunk optimization RemoveEmptyChunksPlugin
<s> [webpack.Progress] 75% sealing chunk optimization MergeDuplicateChunksPlugin
<s> [webpack.Progress] 75% sealing chunk optimization SplitChunksPlugin
<s> [webpack.Progress] 75% sealing chunk optimization RemoveEmptyChunksPlugin
<s> [webpack.Progress] 75% sealing chunk optimization
<s> [webpack.Progress] 76% sealing after chunk optimization
<s> [webpack.Progress] 76% sealing after chunk optimization
<s> [webpack.Progress] 77% sealing module and chunk tree optimization
<s> [webpack.Progress] 77% sealing module and chunk tree optimization PersistentChildCompilerSingletonPlugin
<s> [webpack.Progress] 77% sealing module and chunk tree optimization
<s> [webpack.Progress] 77% sealing after module and chunk tree optimization
<s> [webpack.Progress] 77% sealing after module and chunk tree optimization
<s> [webpack.Progress] 78% sealing chunk modules optimization
<s> [webpack.Progress] 78% sealing chunk modules optimization ModuleConcatenationPlugin
<s> [webpack.Progress] 78% sealing chunk modules optimization
<s> [webpack.Progress] 78% sealing after chunk modules optimization
<s> [webpack.Progress] 78% sealing after chunk modules optimization
<s> [webpack.Progress] 79% sealing module reviving
<s> [webpack.Progress] 79% sealing module reviving RecordIdsPlugin
<s> [webpack.Progress] 79% sealing module reviving
<s> [webpack.Progress] 80% sealing before module ids
<s> [webpack.Progress] 80% sealing before module ids
<s> [webpack.Progress] 80% sealing module ids
<s> [webpack.Progress] 80% sealing module ids NamedModuleIdsPlugin
<s> [webpack.Progress] 80% sealing module ids
<s> [webpack.Progress] 81% sealing module id optimization
<s> [webpack.Progress] 81% sealing module id optimization
<s> [webpack.Progress] 82% sealing module id optimization
<s> [webpack.Progress] 82% sealing module id optimization
<s> [webpack.Progress] 82% sealing chunk reviving
<s> [webpack.Progress] 82% sealing chunk reviving RecordIdsPlugin
<s> [webpack.Progress] 82% sealing chunk reviving
<s> [webpack.Progress] 83% sealing before chunk ids
<s> [webpack.Progress] 83% sealing before chunk ids
<s> [webpack.Progress] 84% sealing chunk ids
<s> [webpack.Progress] 84% sealing chunk ids DeterministicChunkIdsPlugin
<s> [webpack.Progress] 84% sealing chunk ids
<s> [webpack.Progress] 84% sealing chunk id optimization
<s> [webpack.Progress] 84% sealing chunk id optimization FlagIncludedChunksPlugin
<s> [webpack.Progress] 84% sealing chunk id optimization
<s> [webpack.Progress] 85% sealing after chunk id optimization
<s> [webpack.Progress] 85% sealing after chunk id optimization
<s> [webpack.Progress] 86% sealing record modules
<s> [webpack.Progress] 86% sealing record modules RecordIdsPlugin
<s> [webpack.Progress] 86% sealing record modules
<s> [webpack.Progress] 86% sealing record chunks
<s> [webpack.Progress] 86% sealing record chunks RecordIdsPlugin
<s> [webpack.Progress] 86% sealing record chunks
<s> [webpack.Progress] 87% sealing module hashing
<s> [webpack.Progress] 87% sealing module hashing
<s> [webpack.Progress] 87% sealing code generation
<s> [webpack.Progress] 87% sealing code generation
<s> [webpack.Progress] 88% sealing runtime requirements
<s> [webpack.Progress] 88% sealing runtime requirements
<s> [webpack.Progress] 89% sealing hashing
<s> [webpack.Progress] 89% sealing hashing
<s> [webpack.Progress] 89% sealing after hashing
<s> [webpack.Progress] 89% sealing after hashing
<s> [webpack.Progress] 90% sealing record hash
<s> [webpack.Progress] 90% sealing record hash
<s> [webpack.Progress] 91% sealing module assets processing
<s> [webpack.Progress] 91% sealing module assets processing
<s> [webpack.Progress] 91% sealing chunk assets processing
<s> [webpack.Progress] 91% sealing chunk assets processing
<s> [webpack.Progress] 92% sealing asset processing
<s> [webpack.Progress] 92% sealing asset processing copy-webpack-plugin
<s> [webpack.Progress] 92% sealing asset processing PersistentChildCompilerSingletonPlugin
<s> [webpack.Progress] 92% sealing asset processing TerserPlugin
info => Manager built (34 s)
<s> [webpack.Progress] 92% sealing asset processing SourceMapDevToolPlugin
<s> [webpack.Progress] 92% sealing asset processing SourceMapDevToolPlugin
<s> [webpack.Progress] 92% sealing asset processing SourceMapDevToolPlugin main.css generate SourceMap
<s> [webpack.Progress] 92% sealing asset processing SourceMapDevToolPlugin main.css generated SourceMap
<s> [webpack.Progress] 92% sealing asset processing SourceMapDevToolPlugin main.8e1a6290.iframe.bundle.js generate SourceMap
<s> [webpack.Progress] 92% sealing asset processing SourceMapDevToolPlugin main.8e1a6290.iframe.bundle.js generated SourceMap
<s> [webpack.Progress] 92% sealing asset processing SourceMapDevToolPlugin runtime~main.391ce7a4.iframe.bundle.js generate SourceMap
<s> [webpack.Progress] 92% sealing asset processing SourceMapDevToolPlugin runtime~main.391ce7a4.iframe.bundle.js generated SourceMap
<s> [webpack.Progress] 92% sealing asset processing SourceMapDevToolPlugin 747.48d2e015.iframe.bundle.js generate SourceMap
<s> [webpack.Progress] 92% sealing asset processing SourceMapDevToolPlugin 747.48d2e015.iframe.bundle.js generated SourceMap
<s> [webpack.Progress] 92% sealing asset processing SourceMapDevToolPlugin 366.b2d34812.iframe.bundle.js generate SourceMap
<s> [webpack.Progress] 92% sealing asset processing SourceMapDevToolPlugin 366.b2d34812.iframe.bundle.js generated SourceMap
<s> [webpack.Progress] 92% sealing asset processing SourceMapDevToolPlugin 565.ba585eb8.iframe.bundle.js generate SourceMap
<s> [webpack.Progress] 92% sealing asset processing SourceMapDevToolPlugin 565.ba585eb8.iframe.bundle.js generated SourceMap
<s> [webpack.Progress] 92% sealing asset processing SourceMapDevToolPlugin 239.e3347307.iframe.bundle.js generate SourceMap
<s> [webpack.Progress] 92% sealing asset processing SourceMapDevToolPlugin 239.e3347307.iframe.bundle.js generated SourceMap
<s> [webpack.Progress] 92% sealing asset processing SourceMapDevToolPlugin 471.2eeca82e.iframe.bundle.js generate SourceMap
<s> [webpack.Progress] 92% sealing asset processing SourceMapDevToolPlugin 471.2eeca82e.iframe.bundle.js generated SourceMap
<s> [webpack.Progress] 92% sealing asset processing SourceMapDevToolPlugin 345.793cee98.iframe.bundle.js generate SourceMap
<s> [webpack.Progress] 92% sealing asset processing SourceMapDevToolPlugin 345.793cee98.iframe.bundle.js generated SourceMap
<s> [webpack.Progress] 92% sealing asset processing SourceMapDevToolPlugin 39.07854d32.iframe.bundle.js generate SourceMap
<s> [webpack.Progress] 92% sealing asset processing SourceMapDevToolPlugin 39.07854d32.iframe.bundle.js generated SourceMap
<s> [webpack.Progress] 92% sealing asset processing SourceMapDevToolPlugin 996.5870a3b9.iframe.bundle.js generate SourceMap
<s> [webpack.Progress] 92% sealing asset processing SourceMapDevToolPlugin 996.5870a3b9.iframe.bundle.js generated SourceMap
<s> [webpack.Progress] 92% sealing asset processing SourceMapDevToolPlugin 225.ff116299.iframe.bundle.js generate SourceMap
<s> [webpack.Progress] 92% sealing asset processing SourceMapDevToolPlugin 225.ff116299.iframe.bundle.js generated SourceMap
<s> [webpack.Progress] 92% sealing asset processing SourceMapDevToolPlugin 291.af067565.iframe.bundle.js generate SourceMap
<s> [webpack.Progress] 92% sealing asset processing SourceMapDevToolPlugin 291.af067565.iframe.bundle.js generated SourceMap
<s> [webpack.Progress] 92% sealing asset processing SourceMapDevToolPlugin 877.f4cc8693.iframe.bundle.js generate SourceMap
<s> [webpack.Progress] 92% sealing asset processing SourceMapDevToolPlugin 877.f4cc8693.iframe.bundle.js generated SourceMap
<s> [webpack.Progress] 92% sealing asset processing SourceMapDevToolPlugin resolve sources
<s> [webpack.Progress] 92% sealing asset processing SourceMapDevToolPlugin 877.f4cc8693.iframe.bundle.js attach SourceMap
<s> [webpack.Progress] 92% sealing asset processing SourceMapDevToolPlugin 877.f4cc8693.iframe.bundle.js attached SourceMap
<s> [webpack.Progress] 92% sealing asset processing SourceMapDevToolPlugin
<s> [webpack.Progress] 92% sealing asset processing SourceMapDevToolPlugin
<s> [webpack.Progress] 92% sealing asset processing SourceMapDevToolPlugin resolve sources
<s> [webpack.Progress] 92% sealing asset processing SourceMapDevToolPlugin
<s> [webpack.Progress] 92% sealing asset processing HtmlWebpackPlugin
<s> [webpack.Progress] 92% sealing asset processing HtmlWebpackPlugin
<s> [webpack.Progress] 92% sealing asset processing HtmlWebpackPlugin resolve sources
<s> [webpack.Progress] 92% sealing asset processing HtmlWebpackPlugin
<s> [webpack.Progress] 92% sealing asset processing RealContentHashPlugin
<s> [webpack.Progress] 92% sealing asset processing RealContentHashPlugin
<s> [webpack.Progress] 92% sealing asset processing RealContentHashPlugin main.9ad414c9.iframe.bundle.js generate SourceMap
<s> [webpack.Progress] 92% sealing asset processing RealContentHashPlugin main.9ad414c9.iframe.bundle.js generated SourceMap
<s> [webpack.Progress] 92% sealing asset processing RealContentHashPlugin runtime~main.9dfc524e.iframe.bundle.js generate SourceMap
<s> [webpack.Progress] 92% sealing asset processing RealContentHashPlugin runtime~main.9dfc524e.iframe.bundle.js generated SourceMap
<s> [webpack.Progress] 92% sealing asset processing RealContentHashPlugin 747.2e592bfe.iframe.bundle.js generate SourceMap
<s> [webpack.Progress] 92% sealing asset processing RealContentHashPlugin 747.2e592bfe.iframe.bundle.js generated SourceMap
<s> [webpack.Progress] 92% sealing asset processing RealContentHashPlugin 345.b8f4061f.iframe.bundle.js generate SourceMap
<s> [webpack.Progress] 92% sealing asset processing RealContentHashPlugin 345.b8f4061f.iframe.bundle.js generated SourceMap
<s> [webpack.Progress] 92% sealing asset processing RealContentHashPlugin 996.66e30629.iframe.bundle.js generate SourceMap
<s> [webpack.Progress] 92% sealing asset processing RealContentHashPlugin 996.66e30629.iframe.bundle.js generated SourceMap
<s> [webpack.Progress] 92% sealing asset processing RealContentHashPlugin 225.adf1b44b.iframe.bundle.js generate SourceMap
<s> [webpack.Progress] 92% sealing asset processing RealContentHashPlugin 225.adf1b44b.iframe.bundle.js generated SourceMap
<s> [webpack.Progress] 92% sealing asset processing RealContentHashPlugin 366.4a905e68.iframe.bundle.js generate SourceMap
<s> [webpack.Progress] 92% sealing asset processing RealContentHashPlugin 366.4a905e68.iframe.bundle.js generated SourceMap
<s> [webpack.Progress] 92% sealing asset processing RealContentHashPlugin 565.c9971965.iframe.bundle.js generate SourceMap
<s> [webpack.Progress] 92% sealing asset processing RealContentHashPlugin 565.c9971965.iframe.bundle.js generated SourceMap
<s> [webpack.Progress] 92% sealing asset processing RealContentHashPlugin 239.43bc22d7.iframe.bundle.js generate SourceMap
<s> [webpack.Progress] 92% sealing asset processing RealContentHashPlugin 239.43bc22d7.iframe.bundle.js generated SourceMap
<s> [webpack.Progress] 92% sealing asset processing RealContentHashPlugin 471.62d8c663.iframe.bundle.js generate SourceMap
<s> [webpack.Progress] 92% sealing asset processing RealContentHashPlugin 471.62d8c663.iframe.bundle.js generated SourceMap
<s> [webpack.Progress] 92% sealing asset processing RealContentHashPlugin 39.2ed10874.iframe.bundle.js generate SourceMap
<s> [webpack.Progress] 92% sealing asset processing RealContentHashPlugin 39.2ed10874.iframe.bundle.js generated SourceMap
<s> [webpack.Progress] 92% sealing asset processing RealContentHashPlugin 291.4044512f.iframe.bundle.js generate SourceMap
<s> [webpack.Progress] 92% sealing asset processing RealContentHashPlugin 291.4044512f.iframe.bundle.js generated SourceMap
<s> [webpack.Progress] 92% sealing asset processing RealContentHashPlugin resolve sources
<s> [webpack.Progress] 92% sealing asset processing RealContentHashPlugin
<s> [webpack.Progress] 92% sealing asset processing AnyComponentStyleBudgetChecker
<s> [webpack.Progress] 92% sealing asset processing
<s> [webpack.Progress] 93% sealing after asset optimization
<s> [webpack.Progress] 93% sealing after asset optimization
<s> [webpack.Progress] 93% sealing recording
<s> [webpack.Progress] 93% sealing recording
<s> [webpack.Progress] 94% sealing after seal
<s> [webpack.Progress] 94% sealing after seal
<s> [webpack.Progress] 95% emitting emit
<s> [webpack.Progress] 95% emitting emit
<s> [webpack.Progress] 98% emitting after emit
<s> [webpack.Progress] 98% emitting after emit SizeLimitsPlugin
<s> [webpack.Progress] 98% emitting after emit
<s> [webpack.Progress] 99% done plugins
<s> [webpack.Progress] 99% done plugins CaseSensitivePathsPlugin
<s> [webpack.Progress] 99% done plugins
<s> [webpack.Progress] 99% 

<s> [webpack.Progress] 99% cache store build dependencies
<s> [webpack.Progress] 99% cache store build dependencies
<s> [webpack.Progress] 99% cache begin idle
<s> [webpack.Progress] 99% cache begin idle
<s> [webpack.Progress] 100% 

info => Preview built (41 s)
WARN /Users/emiliodominguez/Downloads/taskbox/src/app/app.component.ts is part of the TypeScript compilation but it's unused.
WARN Add only entry points to the 'files' or 'include' properties in your tsconfig.
WARN /Users/emiliodominguez/Downloads/taskbox/src/app/app.module.ts is part of the TypeScript compilation but it's unused.
WARN Add only entry points to the 'files' or 'include' properties in your tsconfig.
WARN /Users/emiliodominguez/Downloads/taskbox/src/app/components/inbox-screen/inbox-screen.component.ts is part of the TypeScript compilation but it's unused.
WARN Add only entry points to the 'files' or 'include' properties in your tsconfig.
WARN /Users/emiliodominguez/Downloads/taskbox/src/environments/environment.prod.ts is part of the TypeScript compilation but it's unused.
WARN Add only entry points to the 'files' or 'include' properties in your tsconfig.
WARN /Users/emiliodominguez/Downloads/taskbox/src/environments/environment.ts is part of the TypeScript compilation but it's unused.
WARN Add only entry points to the 'files' or 'include' properties in your tsconfig.
WARN /Users/emiliodominguez/Downloads/taskbox/src/main.ts is part of the TypeScript compilation but it's unused.
WARN Add only entry points to the 'files' or 'include' properties in your tsconfig.
WARN /Users/emiliodominguez/Downloads/taskbox/src/stories/Button.stories.ts is part of the TypeScript compilation but it's unused.
WARN Add only entry points to the 'files' or 'include' properties in your tsconfig.
WARN /Users/emiliodominguez/Downloads/taskbox/src/stories/Header.stories.ts is part of the TypeScript compilation but it's unused.
WARN Add only entry points to the 'files' or 'include' properties in your tsconfig.
WARN /Users/emiliodominguez/Downloads/taskbox/src/stories/Page.stories.ts is part of the TypeScript compilation but it's unused.
WARN Add only entry points to the 'files' or 'include' properties in your tsconfig.
WARN /Users/emiliodominguez/Downloads/taskbox/src/stories/User.ts is part of the TypeScript compilation but it's unused.
WARN Add only entry points to the 'files' or 'include' properties in your tsconfig.
WARN /Users/emiliodominguez/Downloads/taskbox/src/stories/button.component.ts is part of the TypeScript compilation but it's unused.
WARN Add only entry points to the 'files' or 'include' properties in your tsconfig.
WARN /Users/emiliodominguez/Downloads/taskbox/src/stories/header.component.ts is part of the TypeScript compilation but it's unused.
WARN Add only entry points to the 'files' or 'include' properties in your tsconfig.
WARN /Users/emiliodominguez/Downloads/taskbox/src/stories/page.component.ts is part of the TypeScript compilation but it's unused.
WARN Add only entry points to the 'files' or 'include' properties in your tsconfig.
WARN asset size limit: The following asset(s) exceed the recommended size limit (244 KiB).
WARN This can impact web performance.
WARN Assets: 
WARN   366.4a905e68.iframe.bundle.js (601 KiB)
WARN   565.c9971965.iframe.bundle.js (681 KiB)
WARN   471.62d8c663.iframe.bundle.js (791 KiB)
WARN   877.c1df6c8b.iframe.bundle.js (3.15 MiB)
WARN entrypoint size limit: The following entrypoint(s) combined asset size exceeds the recommended limit (244 KiB). This can impact web performance.
WARN Entrypoints:
WARN   main (3.27 MiB)
WARN       runtime~main.9dfc524e.iframe.bundle.js
WARN       877.c1df6c8b.iframe.bundle.js
WARN       main.css
WARN       main.9ad414c9.iframe.bundle.js
WARN 
<s> [webpack.Progress] 99% cache shutdown
<s> [webpack.Progress] 99% cache shutdown
<s> [webpack.Progress] 100% 

info => Output directory: /var/folders/jc/ryfs3gr14zg2_2ynn5vdnnw80000gt/T/chromatic--8336-QTI8pVQUlnVA
